<?xml version="1.0" encoding="UTF-8"?>
<testng-results ignored="0" total="28" passed="28" failed="0" skipped="0">
  <reporter-output>
  </reporter-output>
  <suite started-at="2023-10-23T17:47:29 EDT" name="Default suite" finished-at="2023-10-23T17:49:50 EDT" duration-ms="140714">
    <groups>
      <group name="cucumber">
        <method signature="AbstractTestNGCucumberTests.runScenario(io.cucumber.testng.PickleWrapper,io.cucumber.testng.FeatureWrapper)[pri:0, instance:steps.Runner@73eb439a]" name="runScenario" class="io.cucumber.testng.AbstractTestNGCucumberTests"/>
      </group> <!-- cucumber -->
    </groups>
    <test started-at="2023-10-23T17:47:29 EDT" name="Default test" finished-at="2023-10-23T17:49:50 EDT" duration-ms="140714">
      <class name="steps.Runner">
        <test-method is-config="true" signature="setUpClass(org.testng.ITestContext)[pri:0, instance:steps.Runner@73eb439a]" started-at="2023-10-23T17:47:29 EDT" name="setUpClass" finished-at="2023-10-23T17:47:30 EDT" duration-ms="633" status="PASS">
          <params>
            <param index="0">
              <value>
                <![CDATA[org.testng.TestRunner@12ebcdf6]]>
              </value>
            </param>
          </params>
          <reporter-output>
          </reporter-output>
        </test-method> <!-- setUpClass -->
        <test-method signature="runScenario(io.cucumber.testng.PickleWrapper,io.cucumber.testng.FeatureWrapper)[pri:0, instance:steps.Runner@73eb439a]" started-at="2023-10-23T17:47:30 EDT" name="runScenario" description="Runs Cucumber Scenarios" data-provider="scenarios" finished-at="2023-10-23T17:47:34 EDT" duration-ms="3804" status="PASS">
          <params>
            <param index="0">
              <value>
                <![CDATA["Navigate to portal page"]]>
              </value>
            </param>
            <param index="1">
              <value>
                <![CDATA["DS-AlGO Project"]]>
              </value>
            </param>
          </params>
          <reporter-output>
          </reporter-output>
        </test-method> <!-- runScenario -->
        <test-method signature="runScenario(io.cucumber.testng.PickleWrapper,io.cucumber.testng.FeatureWrapper)[pri:0, instance:steps.Runner@73eb439a]" started-at="2023-10-23T17:47:34 EDT" name="runScenario" description="Runs Cucumber Scenarios" data-provider="scenarios" finished-at="2023-10-23T17:47:36 EDT" duration-ms="2203" status="PASS">
          <params>
            <param index="0">
              <value>
                <![CDATA["Login keeping username and password fields empty"]]>
              </value>
            </param>
            <param index="1">
              <value>
                <![CDATA["DSAlgo user signin"]]>
              </value>
            </param>
          </params>
          <reporter-output>
          </reporter-output>
        </test-method> <!-- runScenario -->
        <test-method signature="runScenario(io.cucumber.testng.PickleWrapper,io.cucumber.testng.FeatureWrapper)[pri:0, instance:steps.Runner@73eb439a]" started-at="2023-10-23T17:47:36 EDT" name="runScenario" description="Runs Cucumber Scenarios" data-provider="scenarios" finished-at="2023-10-23T17:47:38 EDT" duration-ms="2305" status="PASS">
          <params>
            <param index="0">
              <value>
                <![CDATA["Login keeping password empty and filling username field"]]>
              </value>
            </param>
            <param index="1">
              <value>
                <![CDATA["DSAlgo user signin"]]>
              </value>
            </param>
          </params>
          <reporter-output>
          </reporter-output>
        </test-method> <!-- runScenario -->
        <test-method signature="runScenario(io.cucumber.testng.PickleWrapper,io.cucumber.testng.FeatureWrapper)[pri:0, instance:steps.Runner@73eb439a]" started-at="2023-10-23T17:47:38 EDT" name="runScenario" description="Runs Cucumber Scenarios" data-provider="scenarios" finished-at="2023-10-23T17:47:41 EDT" duration-ms="2588" status="PASS">
          <params>
            <param index="0">
              <value>
                <![CDATA["Login with invalid Credentials"]]>
              </value>
            </param>
            <param index="1">
              <value>
                <![CDATA["DSAlgo user signin"]]>
              </value>
            </param>
          </params>
          <reporter-output>
          </reporter-output>
        </test-method> <!-- runScenario -->
        <test-method signature="runScenario(io.cucumber.testng.PickleWrapper,io.cucumber.testng.FeatureWrapper)[pri:0, instance:steps.Runner@73eb439a]" started-at="2023-10-23T17:47:41 EDT" name="runScenario" description="Runs Cucumber Scenarios" data-provider="scenarios" finished-at="2023-10-23T17:47:43 EDT" duration-ms="2510" status="PASS">
          <params>
            <param index="0">
              <value>
                <![CDATA["Login with invalid user id and valid password combination"]]>
              </value>
            </param>
            <param index="1">
              <value>
                <![CDATA["DSAlgo user signin"]]>
              </value>
            </param>
          </params>
          <reporter-output>
          </reporter-output>
        </test-method> <!-- runScenario -->
        <test-method signature="runScenario(io.cucumber.testng.PickleWrapper,io.cucumber.testng.FeatureWrapper)[pri:0, instance:steps.Runner@73eb439a]" started-at="2023-10-23T17:47:43 EDT" name="runScenario" description="Runs Cucumber Scenarios" data-provider="scenarios" finished-at="2023-10-23T17:47:46 EDT" duration-ms="2490" status="PASS">
          <params>
            <param index="0">
              <value>
                <![CDATA["Login with valid user id and invalid password combination"]]>
              </value>
            </param>
            <param index="1">
              <value>
                <![CDATA["DSAlgo user signin"]]>
              </value>
            </param>
          </params>
          <reporter-output>
          </reporter-output>
        </test-method> <!-- runScenario -->
        <test-method signature="runScenario(io.cucumber.testng.PickleWrapper,io.cucumber.testng.FeatureWrapper)[pri:0, instance:steps.Runner@73eb439a]" started-at="2023-10-23T17:47:46 EDT" name="runScenario" description="Runs Cucumber Scenarios" data-provider="scenarios" finished-at="2023-10-23T17:47:48 EDT" duration-ms="2757" status="PASS">
          <params>
            <param index="0">
              <value>
                <![CDATA["Login with valid Credentials"]]>
              </value>
            </param>
            <param index="1">
              <value>
                <![CDATA["DSAlgo user signin"]]>
              </value>
            </param>
          </params>
          <reporter-output>
          </reporter-output>
        </test-method> <!-- runScenario -->
        <test-method signature="runScenario(io.cucumber.testng.PickleWrapper,io.cucumber.testng.FeatureWrapper)[pri:0, instance:steps.Runner@73eb439a]" started-at="2023-10-23T17:47:49 EDT" name="runScenario" description="Runs Cucumber Scenarios" data-provider="scenarios" finished-at="2023-10-23T17:47:54 EDT" duration-ms="5875" status="PASS">
          <params>
            <param index="0">
              <value>
                <![CDATA["The user is in the home page after logged in"]]>
              </value>
            </param>
            <param index="1">
              <value>
                <![CDATA["Data-structure-introduction"]]>
              </value>
            </param>
          </params>
          <reporter-output>
          </reporter-output>
        </test-method> <!-- runScenario -->
        <test-method signature="runScenario(io.cucumber.testng.PickleWrapper,io.cucumber.testng.FeatureWrapper)[pri:0, instance:steps.Runner@73eb439a]" started-at="2023-10-23T17:47:54 EDT" name="runScenario" description="Runs Cucumber Scenarios" data-provider="scenarios" finished-at="2023-10-23T17:48:01 EDT" duration-ms="6175" status="PASS">
          <params>
            <param index="0">
              <value>
                <![CDATA["Arrays in python"]]>
              </value>
            </param>
            <param index="1">
              <value>
                <![CDATA["Arrays"]]>
              </value>
            </param>
          </params>
          <reporter-output>
          </reporter-output>
        </test-method> <!-- runScenario -->
        <test-method signature="runScenario(io.cucumber.testng.PickleWrapper,io.cucumber.testng.FeatureWrapper)[pri:0, instance:steps.Runner@73eb439a]" started-at="2023-10-23T17:48:01 EDT" name="runScenario" description="Runs Cucumber Scenarios" data-provider="scenarios" finished-at="2023-10-23T17:48:06 EDT" duration-ms="5847" status="PASS">
          <params>
            <param index="0">
              <value>
                <![CDATA["Arrays using List"]]>
              </value>
            </param>
            <param index="1">
              <value>
                <![CDATA["Arrays"]]>
              </value>
            </param>
          </params>
          <reporter-output>
          </reporter-output>
        </test-method> <!-- runScenario -->
        <test-method signature="runScenario(io.cucumber.testng.PickleWrapper,io.cucumber.testng.FeatureWrapper)[pri:0, instance:steps.Runner@73eb439a]" started-at="2023-10-23T17:48:06 EDT" name="runScenario" description="Runs Cucumber Scenarios" data-provider="scenarios" finished-at="2023-10-23T17:48:12 EDT" duration-ms="5654" status="PASS">
          <params>
            <param index="0">
              <value>
                <![CDATA["Basic operations in List"]]>
              </value>
            </param>
            <param index="1">
              <value>
                <![CDATA["Arrays"]]>
              </value>
            </param>
          </params>
          <reporter-output>
          </reporter-output>
        </test-method> <!-- runScenario -->
        <test-method signature="runScenario(io.cucumber.testng.PickleWrapper,io.cucumber.testng.FeatureWrapper)[pri:0, instance:steps.Runner@73eb439a]" started-at="2023-10-23T17:48:12 EDT" name="runScenario" description="Runs Cucumber Scenarios" data-provider="scenarios" finished-at="2023-10-23T17:48:17 EDT" duration-ms="5364" status="PASS">
          <params>
            <param index="0">
              <value>
                <![CDATA["Applications of Array"]]>
              </value>
            </param>
            <param index="1">
              <value>
                <![CDATA["Arrays"]]>
              </value>
            </param>
          </params>
          <reporter-output>
          </reporter-output>
        </test-method> <!-- runScenario -->
        <test-method signature="runScenario(io.cucumber.testng.PickleWrapper,io.cucumber.testng.FeatureWrapper)[pri:0, instance:steps.Runner@73eb439a]" started-at="2023-10-23T17:48:17 EDT" name="runScenario" description="Runs Cucumber Scenarios" data-provider="scenarios" finished-at="2023-10-23T17:48:23 EDT" duration-ms="5829" status="PASS">
          <params>
            <param index="0">
              <value>
                <![CDATA["Practice questions"]]>
              </value>
            </param>
            <param index="1">
              <value>
                <![CDATA["Arrays"]]>
              </value>
            </param>
          </params>
          <reporter-output>
          </reporter-output>
        </test-method> <!-- runScenario -->
        <test-method signature="runScenario(io.cucumber.testng.PickleWrapper,io.cucumber.testng.FeatureWrapper)[pri:0, instance:steps.Runner@73eb439a]" started-at="2023-10-23T17:48:23 EDT" name="runScenario" description="Runs Cucumber Scenarios" data-provider="scenarios" finished-at="2023-10-23T17:48:28 EDT" duration-ms="4996" status="PASS">
          <params>
            <param index="0">
              <value>
                <![CDATA["Introduction Page"]]>
              </value>
            </param>
            <param index="1">
              <value>
                <![CDATA["LinkedList Page"]]>
              </value>
            </param>
          </params>
          <reporter-output>
          </reporter-output>
        </test-method> <!-- runScenario -->
        <test-method signature="runScenario(io.cucumber.testng.PickleWrapper,io.cucumber.testng.FeatureWrapper)[pri:0, instance:steps.Runner@73eb439a]" started-at="2023-10-23T17:48:28 EDT" name="runScenario" description="Runs Cucumber Scenarios" data-provider="scenarios" finished-at="2023-10-23T17:48:34 EDT" duration-ms="5313" status="PASS">
          <params>
            <param index="0">
              <value>
                <![CDATA["Creating a Linked list Page"]]>
              </value>
            </param>
            <param index="1">
              <value>
                <![CDATA["LinkedList Page"]]>
              </value>
            </param>
          </params>
          <reporter-output>
          </reporter-output>
        </test-method> <!-- runScenario -->
        <test-method signature="runScenario(io.cucumber.testng.PickleWrapper,io.cucumber.testng.FeatureWrapper)[pri:0, instance:steps.Runner@73eb439a]" started-at="2023-10-23T17:48:34 EDT" name="runScenario" description="Runs Cucumber Scenarios" data-provider="scenarios" finished-at="2023-10-23T17:48:39 EDT" duration-ms="5161" status="PASS">
          <params>
            <param index="0">
              <value>
                <![CDATA["Types of Linked list Page"]]>
              </value>
            </param>
            <param index="1">
              <value>
                <![CDATA["LinkedList Page"]]>
              </value>
            </param>
          </params>
          <reporter-output>
          </reporter-output>
        </test-method> <!-- runScenario -->
        <test-method signature="runScenario(io.cucumber.testng.PickleWrapper,io.cucumber.testng.FeatureWrapper)[pri:0, instance:steps.Runner@73eb439a]" started-at="2023-10-23T17:48:39 EDT" name="runScenario" description="Runs Cucumber Scenarios" data-provider="scenarios" finished-at="2023-10-23T17:48:44 EDT" duration-ms="5214" status="PASS">
          <params>
            <param index="0">
              <value>
                <![CDATA["Implement Linked list in Python"]]>
              </value>
            </param>
            <param index="1">
              <value>
                <![CDATA["LinkedList Page"]]>
              </value>
            </param>
          </params>
          <reporter-output>
          </reporter-output>
        </test-method> <!-- runScenario -->
        <test-method signature="runScenario(io.cucumber.testng.PickleWrapper,io.cucumber.testng.FeatureWrapper)[pri:0, instance:steps.Runner@73eb439a]" started-at="2023-10-23T17:48:44 EDT" name="runScenario" description="Runs Cucumber Scenarios" data-provider="scenarios" finished-at="2023-10-23T17:48:49 EDT" duration-ms="4708" status="PASS">
          <params>
            <param index="0">
              <value>
                <![CDATA["Traversal Page"]]>
              </value>
            </param>
            <param index="1">
              <value>
                <![CDATA["LinkedList Page"]]>
              </value>
            </param>
          </params>
          <reporter-output>
          </reporter-output>
        </test-method> <!-- runScenario -->
        <test-method signature="runScenario(io.cucumber.testng.PickleWrapper,io.cucumber.testng.FeatureWrapper)[pri:0, instance:steps.Runner@73eb439a]" started-at="2023-10-23T17:48:49 EDT" name="runScenario" description="Runs Cucumber Scenarios" data-provider="scenarios" finished-at="2023-10-23T17:48:54 EDT" duration-ms="5022" status="PASS">
          <params>
            <param index="0">
              <value>
                <![CDATA["Insertion Page"]]>
              </value>
            </param>
            <param index="1">
              <value>
                <![CDATA["LinkedList Page"]]>
              </value>
            </param>
          </params>
          <reporter-output>
          </reporter-output>
        </test-method> <!-- runScenario -->
        <test-method signature="runScenario(io.cucumber.testng.PickleWrapper,io.cucumber.testng.FeatureWrapper)[pri:0, instance:steps.Runner@73eb439a]" started-at="2023-10-23T17:48:54 EDT" name="runScenario" description="Runs Cucumber Scenarios" data-provider="scenarios" finished-at="2023-10-23T17:48:59 EDT" duration-ms="4873" status="PASS">
          <params>
            <param index="0">
              <value>
                <![CDATA["Deletion Page and Practise Questions"]]>
              </value>
            </param>
            <param index="1">
              <value>
                <![CDATA["LinkedList Page"]]>
              </value>
            </param>
          </params>
          <reporter-output>
          </reporter-output>
        </test-method> <!-- runScenario -->
        <test-method signature="runScenario(io.cucumber.testng.PickleWrapper,io.cucumber.testng.FeatureWrapper)[pri:0, instance:steps.Runner@73eb439a]" started-at="2023-10-23T17:48:59 EDT" name="runScenario" description="Runs Cucumber Scenarios" data-provider="scenarios" finished-at="2023-10-23T17:49:05 EDT" duration-ms="6254" status="PASS">
          <params>
            <param index="0">
              <value>
                <![CDATA["Navigate to Stack page"]]>
              </value>
            </param>
            <param index="1">
              <value>
                <![CDATA["Stack page"]]>
              </value>
            </param>
          </params>
          <reporter-output>
          </reporter-output>
        </test-method> <!-- runScenario -->
        <test-method signature="runScenario(io.cucumber.testng.PickleWrapper,io.cucumber.testng.FeatureWrapper)[pri:0, instance:steps.Runner@73eb439a]" started-at="2023-10-23T17:49:05 EDT" name="runScenario" description="Runs Cucumber Scenarios" data-provider="scenarios" finished-at="2023-10-23T17:49:10 EDT" duration-ms="5318" status="PASS">
          <params>
            <param index="0">
              <value>
                <![CDATA["Implementation of Queue in Python"]]>
              </value>
            </param>
            <param index="1">
              <value>
                <![CDATA["Queue"]]>
              </value>
            </param>
          </params>
          <reporter-output>
          </reporter-output>
        </test-method> <!-- runScenario -->
        <test-method signature="runScenario(io.cucumber.testng.PickleWrapper,io.cucumber.testng.FeatureWrapper)[pri:0, instance:steps.Runner@73eb439a]" started-at="2023-10-23T17:49:10 EDT" name="runScenario" description="Runs Cucumber Scenarios" data-provider="scenarios" finished-at="2023-10-23T17:49:16 EDT" duration-ms="5592" status="PASS">
          <params>
            <param index="0">
              <value>
                <![CDATA["Implementation using collections.deque"]]>
              </value>
            </param>
            <param index="1">
              <value>
                <![CDATA["Queue"]]>
              </value>
            </param>
          </params>
          <reporter-output>
          </reporter-output>
        </test-method> <!-- runScenario -->
        <test-method signature="runScenario(io.cucumber.testng.PickleWrapper,io.cucumber.testng.FeatureWrapper)[pri:0, instance:steps.Runner@73eb439a]" started-at="2023-10-23T17:49:16 EDT" name="runScenario" description="Runs Cucumber Scenarios" data-provider="scenarios" finished-at="2023-10-23T17:49:21 EDT" duration-ms="5173" status="PASS">
          <params>
            <param index="0">
              <value>
                <![CDATA["Implementation using array"]]>
              </value>
            </param>
            <param index="1">
              <value>
                <![CDATA["Queue"]]>
              </value>
            </param>
          </params>
          <reporter-output>
          </reporter-output>
        </test-method> <!-- runScenario -->
        <test-method signature="runScenario(io.cucumber.testng.PickleWrapper,io.cucumber.testng.FeatureWrapper)[pri:0, instance:steps.Runner@73eb439a]" started-at="2023-10-23T17:49:21 EDT" name="runScenario" description="Runs Cucumber Scenarios" data-provider="scenarios" finished-at="2023-10-23T17:49:26 EDT" duration-ms="5206" status="PASS">
          <params>
            <param index="0">
              <value>
                <![CDATA["Queue Operations"]]>
              </value>
            </param>
            <param index="1">
              <value>
                <![CDATA["Queue"]]>
              </value>
            </param>
          </params>
          <reporter-output>
          </reporter-output>
        </test-method> <!-- runScenario -->
        <test-method signature="runScenario(io.cucumber.testng.PickleWrapper,io.cucumber.testng.FeatureWrapper)[pri:0, instance:steps.Runner@73eb439a]" started-at="2023-10-23T17:49:26 EDT" name="runScenario" description="Runs Cucumber Scenarios" data-provider="scenarios" finished-at="2023-10-23T17:49:40 EDT" duration-ms="13549" status="PASS">
          <params>
            <param index="0">
              <value>
                <![CDATA["The user in the tree page"]]>
              </value>
            </param>
            <param index="1">
              <value>
                <![CDATA["Tree login"]]>
              </value>
            </param>
          </params>
          <reporter-output>
          </reporter-output>
        </test-method> <!-- runScenario -->
        <test-method signature="runScenario(io.cucumber.testng.PickleWrapper,io.cucumber.testng.FeatureWrapper)[pri:0, instance:steps.Runner@73eb439a]" started-at="2023-10-23T17:49:40 EDT" name="runScenario" description="Runs Cucumber Scenarios" data-provider="scenarios" finished-at="2023-10-23T17:49:44 EDT" duration-ms="4703" status="PASS">
          <params>
            <param index="0">
              <value>
                <![CDATA["Implemention of Graph in Python"]]>
              </value>
            </param>
            <param index="1">
              <value>
                <![CDATA["Graph"]]>
              </value>
            </param>
          </params>
          <reporter-output>
          </reporter-output>
        </test-method> <!-- runScenario -->
        <test-method signature="runScenario(io.cucumber.testng.PickleWrapper,io.cucumber.testng.FeatureWrapper)[pri:0, instance:steps.Runner@73eb439a]" started-at="2023-10-23T17:49:44 EDT" name="runScenario" description="Runs Cucumber Scenarios" data-provider="scenarios" finished-at="2023-10-23T17:49:50 EDT" duration-ms="5458" status="PASS">
          <params>
            <param index="0">
              <value>
                <![CDATA["Graph Representations button"]]>
              </value>
            </param>
            <param index="1">
              <value>
                <![CDATA["Graph"]]>
              </value>
            </param>
          </params>
          <reporter-output>
          </reporter-output>
        </test-method> <!-- runScenario -->
        <test-method is-config="true" signature="tearDownClass()[pri:0, instance:steps.Runner@73eb439a]" started-at="2023-10-23T17:49:50 EDT" name="tearDownClass" finished-at="2023-10-23T17:49:50 EDT" duration-ms="42" status="PASS">
          <reporter-output>
          </reporter-output>
        </test-method> <!-- tearDownClass -->
      </class> <!-- steps.Runner -->
    </test> <!-- Default test -->
  </suite> <!-- Default suite -->
</testng-results>
